libinput error: Unknown key AttrPointerAcceleration in [ASUS Touchpad Speed Fix] (local-overrides.quirks)
libinput error: Failed to load the device quirks from /usr/share/libinput and /etc/libinput/local-overrides.quirks. This will negatively affect device behavior. See https://wayland.freedesktop.org/libinput/doc/1.29.1/device-quirks.html for details.
Error opening audio file "/home/avisek/Desktop/c-codes/bucklespring/wav/72-1.wav": Failed to open file
Error opening audio file "/home/avisek/Desktop/c-codes/bucklespring/wav/72-0.wav": Failed to open file
Error opening audio file "/home/avisek/Desktop/c-codes/bucklespring/wav/73-1.wav": Failed to open file
Error opening audio file "/home/avisek/Desktop/c-codes/bucklespring/wav/73-0.wav": Failed to open file
libinput error: Unknown key AttrPointerAcceleration in [ASUS Touchpad Speed Fix] (local-overrides.quirks)
libinput error: Failed to load the device quirks from /usr/share/libinput and /etc/libinput/local-overrides.quirks. This will negatively affect device behavior. See https://wayland.freedesktop.org/libinput/doc/1.29.1/device-quirks.html for details.
Playing: /home/avisek/Music/3
[file] Cannot open file '/home/avisek/Music/3': No such file or directory
Failed to open /home/avisek/Music/3.
Playing: Hours
[file] Cannot open file 'Hours': No such file or directory
Failed to open Hours.
Playing: of
[file] Cannot open file 'of': No such file or directory
Failed to open of.
Playing: No
[file] Cannot open file 'No': No such file or directory
Failed to open No.
Playing: Copyright
[file] Cannot open file 'Copyright': No such file or directory
Failed to open Copyright.
Playing: Music
[file] Cannot open file 'Music': No such file or directory
Failed to open Music.
Playing: for
[file] Cannot open file 'for': No such file or directory
Failed to open for.
Playing: Livestreaming
[file] Cannot open file 'Livestreaming': No such file or directory
Failed to open Livestreaming.
Playing: [Ynt4Hi6BZBA].mp3
[file] Cannot open file '[Ynt4Hi6BZBA].mp3': No such file or directory
Failed to open [Ynt4Hi6BZBA].mp3.
Exiting... (Errors when loading file)
libinput error: Unknown key AttrPointerAcceleration in [ASUS Touchpad Speed Fix] (local-overrides.quirks)
libinput error: Failed to load the device quirks from /usr/share/libinput and /etc/libinput/local-overrides.quirks. This will negatively affect device behavior. See https://wayland.freedesktop.org/libinput/doc/1.29.1/device-quirks.html for details.
[file] Cannot open file '~/Music/3 Hours of No Copyright Music for Livestreaming [Ynt4Hi6BZBA].mp3': No such file or directory
Failed to open ~/Music/3 Hours of No Copyright Music for Livestreaming [Ynt4Hi6BZBA].mp3.
Exiting... (Errors when loading file)
libinput error: Unknown key AttrPointerAcceleration in [ASUS Touchpad Speed Fix] (local-overrides.quirks)
libinput error: Failed to load the device quirks from /usr/share/libinput and /etc/libinput/local-overrides.quirks. This will negatively affect device behavior. See https://wayland.freedesktop.org/libinput/doc/1.29.1/device-quirks.html for details.
● Image  --vid=1  'cover' (png 500x500)
● Audio  --aid=1  (mp3 2ch 44100 Hz 128 kbps)
File tags:
 Artist: Genesis Official
 Album: 3 Hours of No Copyright Music for Livestreaming
 Comment: 
 Date: 2024
 Genre: Music
 Title: 3 Hours of No Copyright Music for Livestreaming
Displaying cover art. Use --no-audio-display to prevent this.
VO: [gpu] 500x500 rgba
AO: [pipewire] 44100Hz stereo 2ch floatp
AV: 00:00:00 / 03:19:49 (0%)
AV: 00:00:01 / 03:19:49 (0%)
AV: 00:00:02 / 03:19:49 (0%)
Exiting... (Quit)
libinput error: Unknown key AttrPointerAcceleration in [ASUS Touchpad Speed Fix] (local-overrides.quirks)
libinput error: Failed to load the device quirks from /usr/share/libinput and /etc/libinput/local-overrides.quirks. This will negatively affect device behavior. See https://wayland.freedesktop.org/libinput/doc/1.29.1/device-quirks.html for details.
Error opening audio file "/home/avisek/Desktop/c-codes/bucklespring/wav/72-1.wav": Failed to open file
Error opening audio file "/home/avisek/Desktop/c-codes/bucklespring/wav/72-0.wav": Failed to open file
Error opening audio file "/home/avisek/Desktop/c-codes/bucklespring/wav/73-1.wav": Failed to open file
Error opening audio file "/home/avisek/Desktop/c-codes/bucklespring/wav/73-0.wav": Failed to open file
Error opening audio file "/home/avisek/Desktop/c-codes/bucklespring/wav/ab-1.wav": Failed to open file
Error opening audio file "/home/avisek/Desktop/c-codes/bucklespring/wav/ab-0.wav": Failed to open file
libinput error: Unknown key AttrPointerAcceleration in [ASUS Touchpad Speed Fix] (local-overrides.quirks)
libinput error: Failed to load the device quirks from /usr/share/libinput and /etc/libinput/local-overrides.quirks. This will negatively affect device behavior. See https://wayland.freedesktop.org/libinput/doc/1.29.1/device-quirks.html for details.
Error opening audio file "/home/avisek/Desktop/c-codes/bucklespring/wav/73-1.wav": Failed to open file
Error opening audio file "/home/avisek/Desktop/c-codes/bucklespring/wav/73-0.wav": Failed to open file
libinput error: Unknown key AttrPointerAcceleration in [ASUS Touchpad Speed Fix] (local-overrides.quirks)
libinput error: Failed to load the device quirks from /usr/share/libinput and /etc/libinput/local-overrides.quirks. This will negatively affect device behavior. See https://wayland.freedesktop.org/libinput/doc/1.29.1/device-quirks.html for details.
libinput error: Unknown key AttrPointerAcceleration in [ASUS Touchpad Speed Fix] (local-overrides.quirks)
libinput error: Failed to load the device quirks from /usr/share/libinput and /etc/libinput/local-overrides.quirks. This will negatively affect device behavior. See https://wayland.freedesktop.org/libinput/doc/1.29.1/device-quirks.html for details.
Error opening audio file "/home/avisek/Desktop/c-codes/bucklespring/wav/72-1.wav": Failed to open file
Error opening audio file "/home/avisek/Desktop/c-codes/bucklespring/wav/72-0.wav": Failed to open file
Error opening audio file "/home/avisek/Desktop/c-codes/bucklespring/wav/73-1.wav": Failed to open file
Error opening audio file "/home/avisek/Desktop/c-codes/bucklespring/wav/73-0.wav": Failed to open file
libinput error: event4  - CX 2.4G Receiver: client bug: event processing lagging behind by 27ms, your system is too slow
libinput error: event4  - CX 2.4G Receiver: client bug: event processing lagging behind by 27ms, your system is too slow
libinput error: event4  - CX 2.4G Receiver: client bug: event processing lagging behind by 75ms, your system is too slow
libinput error: event5  - CX 2.4G Receiver Mouse: client bug: event processing lagging behind by 230ms, your system is too slow
libinput error: event4  - CX 2.4G Receiver: client bug: event processing lagging behind by 57ms, your system is too slow
libinput error: Unknown key AttrPointerAcceleration in [ASUS Touchpad Speed Fix] (local-overrides.quirks)
libinput error: Failed to load the device quirks from /usr/share/libinput and /etc/libinput/local-overrides.quirks. This will negatively affect device behavior. See https://wayland.freedesktop.org/libinput/doc/1.29.1/device-quirks.html for details.
Error opening audio file "/home/avisek/Desktop/c-codes/bucklespring/wav/72-1.wav": Failed to open file
Error opening audio file "/home/avisek/Desktop/c-codes/bucklespring/wav/72-0.wav": Failed to open file
Error opening audio file "/home/avisek/Desktop/c-codes/bucklespring/wav/73-1.wav": Failed to open file
Error opening audio file "/home/avisek/Desktop/c-codes/bucklespring/wav/73-0.wav": Failed to open file
libinput error: event4  - CX 2.4G Receiver: client bug: event processing lagging behind by 52ms, your system is too slow
libinput error: event4  - CX 2.4G Receiver: client bug: event processing lagging behind by 44ms, your system is too slow
libinput error: event4  - CX 2.4G Receiver: client bug: event processing lagging behind by 60ms, your system is too slow
libinput error: event4  - CX 2.4G Receiver: client bug: event processing lagging behind by 33ms, your system is too slow
libinput error: event4  - CX 2.4G Receiver: client bug: event processing lagging behind by 240ms, your system is too slow
libinput error: event4  - CX 2.4G Receiver: client bug: event processing lagging behind by 22ms, your system is too slow
libinput error: event4  - CX 2.4G Receiver: client bug: event processing lagging behind by 96ms, your system is too slow
libinput error: event4  - CX 2.4G Receiver: client bug: event processing lagging behind by 33ms, your system is too slow
